F:\UFCF93\PRACTICALS\SIM8080\SIM8080\DEBUG\SIM8080.PCH
F:\UFCF93\PRACTICALS\SIM8080\SIM8080\DEBUG\STDAFX.OBJ
F:\UFCF93\PRACTICALS\SIM8080\SIM8080\DEBUG\VC110.PDB
F:\UFCF93\PRACTICALS\SIM8080\SIM8080\DEBUG\SIM8080.OBJ
F:\UFCF93\PRACTICALS\SIM8080\DEBUG\SIM8080.ILK
F:\UFCF93\PRACTICALS\SIM8080\DEBUG\SIM8080.EXE
F:\UFCF93\PRACTICALS\SIM8080\DEBUG\SIM8080.PDB
\\nsta-uwe13\users$\m2-serpell\WINDOWS\Student\Desktop\Sim8080\Sim8080\Debug\stdafx.obj
\\nsta-uwe13\users$\m2-serpell\WINDOWS\Student\Desktop\Sim8080\Sim8080\Debug\Sim8080.obj
\\nsta-uwe13\users$\m2-serpell\WINDOWS\Student\Desktop\Sim8080\Sim8080\Debug\CL.read.1.tlog
\\nsta-uwe13\users$\m2-serpell\WINDOWS\Student\Desktop\Sim8080\Sim8080\Debug\CL.write.1.tlog
\\nsta-uwe13\users$\m2-serpell\WINDOWS\Student\Desktop\Sim8080\Sim8080\Debug\cl.command.1.tlog
\\nsta-uwe13\users$\m2-serpell\WINDOWS\Student\Desktop\Sim8080\Sim8080\Debug\link-rc.read.1.tlog
\\nsta-uwe13\users$\m2-serpell\WINDOWS\Student\Desktop\Sim8080\Sim8080\Debug\link-rc.write.1.tlog
\\nsta-uwe13\users$\m2-serpell\WINDOWS\Student\Desktop\Sim8080\Sim8080\Debug\link-cvtres.read.1.tlog
\\nsta-uwe13\users$\m2-serpell\WINDOWS\Student\Desktop\Sim8080\Sim8080\Debug\link-cvtres.write.1.tlog
\\nsta-uwe13\users$\m2-serpell\WINDOWS\Student\Desktop\Sim8080\Sim8080\Debug\link.read.1.tlog
\\nsta-uwe13\users$\m2-serpell\WINDOWS\Student\Desktop\Sim8080\Sim8080\Debug\link.write.1.tlog
\\nsta-uwe13\users$\m2-serpell\WINDOWS\Student\Desktop\Sim8080\Sim8080\Debug\link.command.1.tlog
\\nsta-uwe13\users$\m2-serpell\WINDOWS\Student\Desktop\Sim8080\Sim8080\Debug\Sim8080.pch
\\nsta-uwe13\users$\m2-serpell\WINDOWS\Student\Desktop\Sim8080\Sim8080\Debug\vc110.idb
\\nsta-uwe13\users$\m2-serpell\WINDOWS\Student\Desktop\Sim8080\Sim8080\Debug\vc110.pdb
\\nsta-uwe13\users$\m2-serpell\WINDOWS\Student\Desktop\Sim8080\Debug\Sim8080.pdb
\\nsta-uwe13\users$\m2-serpell\WINDOWS\Student\Desktop\Sim8080\Debug\Sim8080.exe
\\nsta-uwe13\users$\m2-serpell\WINDOWS\Student\Desktop\Sim8080\Debug\Sim8080.ilk
